[2024-12-06 12:29:24] INFO: body: , [object Object]
[2024-12-06 12:29:27] INFO: POST /package 201
[2024-12-06 12:29:39] INFO: POST /package/byRegEx 200
[2024-12-06 12:29:40] INFO: GET /uploadHistory/lodash 200
[2024-12-06 12:33:06] INFO: POST /package/byRegEx 200
[2024-12-06 12:33:21] INFO: POST /package/1 200
[2024-12-06 12:33:27] INFO: POST /package/byRegEx 200
[2024-12-06 12:33:30] INFO: GET /uploadHistory/lodash 200
[2024-12-06 12:34:06] INFO: GET /allUserGroups 200
[2024-12-06 12:34:16] INFO: POST /package/byRegEx 200
[2024-12-06 12:34:18] INFO: GET /package/2 200
[2024-12-06 12:34:20] INFO: GET /package/1 200
[2024-12-06 12:34:22] INFO: GET /package/2 304
[2024-12-06 12:34:26] INFO: POST /package/byRegEx 200
[2024-12-06 12:34:30] INFO: POST /package/byRegEx 200
[2024-12-06 12:38:21] INFO: POST /package/byRegEx 200
[2024-12-06 12:41:17] INFO: GET /downloadHistory/lodash 200
[2024-12-06 12:43:01] INFO: GET /allUserGroups 304
[2024-12-06 12:43:10] INFO: POST /createUser 200
[2024-12-06 12:43:24] INFO: PUT /authenticate 200
[2024-12-06 12:43:29] INFO: POST /package/byRegEx 200
[2024-12-06 12:43:31] INFO: GET /package/2 401
[2024-12-06 12:44:06] INFO: GET /allUserGroups 304
[2024-12-06 12:44:16] INFO: POST /createUser 200
[2024-12-06 12:44:27] INFO: PUT /authenticate 200
[2024-12-06 12:44:36] INFO: POST /package/byRegEx 200
[2024-12-06 12:44:38] INFO: GET /package/2 304
[2024-12-06 12:44:40] INFO: GET /package/1 304
[2024-12-06 12:44:46] INFO: POST /package/byRegEx 200
[2024-12-06 12:44:51] INFO: GET /downloadHistory/lodash 200
[2024-12-06 12:46:33] INFO: POST /package/byRegEx 200
[2024-12-06 12:47:06] INFO: body: , [object Object]
[2024-12-06 12:47:06] INFO: POST /package 201
[2024-12-06 12:47:15] INFO: POST /package/byRegEx 200
[2024-12-06 12:47:18] INFO: GET /package/3 200
[2024-12-06 12:47:25] INFO: POST /package/byRegEx 200
[2024-12-06 12:47:27] INFO: GET /uploadHistory/react 200
[2024-12-06 12:47:28] INFO: GET /uploadHistory/lodash 304
[2024-12-06 12:47:30] INFO: GET /uploadHistory/react 304
[2024-12-06 12:47:37] INFO: POST /package/byRegEx 200
[2024-12-06 12:47:39] INFO: GET /downloadHistory/react 200
[2024-12-06 12:47:43] INFO: GET /downloadHistory/lodash 304
[2024-12-06 12:47:44] INFO: GET /downloadHistory/react 304
